2018-12-17 12:39:43.8611|INFO|ProjAl.Form1|Useri po verifikohet
2018-12-17 12:39:43.8611|INFO|ProjAl.Form1|Useri po verifikohet
2018-12-17 12:39:45.8379|INFO|ProjAl.Form1|Useri u autentifikua me sukses
2018-12-17 12:39:45.8379|INFO|ProjAl.Form1|Useri u autentifikua me sukses
2018-12-17 12:39:46.5655|INFO|ProjAl.Form2|Merren te gjitha produktet ne db dhe shfaqen ne gride
2018-12-17 12:39:46.5655|INFO|ProjAl.Form2|Merren te gjitha produktet ne db dhe shfaqen ne gride
2018-12-17 12:48:16.2633|INFO|ProjAl.Form1|Useri po verifikohet
2018-12-17 12:48:18.0538|INFO|ProjAl.Form1|Useri u autentifikua me sukses
2018-12-17 12:48:19.3276|INFO|ProjAl.Form2|Merren te gjitha produktet ne db dhe shfaqen ne gride
2018-12-17 12:50:04.9199|INFO|ProjAl.Form2|therritet Api i klienteve
2018-12-17 12:50:05.0220|INFO|ProjAl.Form2|Fshihen Klientet nga databaza
2018-12-17 12:50:31.6846|INFO|ProjAl.Form2|Shtohen klientet e marre ne db
2018-12-17 12:50:31.8880|INFO|ProjAl.Form2|Merren Klientet nga databaza dhe i shfaqim ne gride
2018-12-17 12:50:48.8350|INFO|ProjAl.Form2|therritet Api
2018-12-17 12:51:00.7713|ERROR|ProjAl.Form2|Ndodhi nje gabim gjate sinkronizimit te produkteve
2018-12-17 13:26:36.3194|INFO|ProjAl.Form1|Useri po verifikohet
2018-12-17 13:26:37.6029|INFO|ProjAl.Form1|Useri u autentifikua me sukses
2018-12-17 13:26:38.9770|INFO|ProjAl.Form2|Merren te gjitha produktet ne db dhe shfaqen ne gride
2018-12-17 13:30:34.1314|INFO|ProjAl.Form1|Useri po verifikohet
2018-12-17 13:30:35.7903|INFO|ProjAl.Form1|Useri u autentifikua me sukses
2018-12-17 13:30:37.3872|INFO|ProjAl.Form2|Merren te gjitha produktet ne db dhe shfaqen ne gride
2018-12-17 13:35:37.7162|INFO|ProjAl.Form1|Useri po verifikohet
2018-12-17 13:35:38.9853|INFO|ProjAl.Form1|Useri u autentifikua me sukses
2018-12-17 13:35:39.9388|INFO|ProjAl.Form2|Merren te gjitha produktet ne db dhe shfaqen ne gride
2018-12-17 13:37:06.6552|INFO|ProjAl.Form1|Useri po verifikohet
2018-12-17 13:37:08.0120|INFO|ProjAl.Form1|Useri u autentifikua me sukses
2018-12-17 13:37:09.5030|INFO|ProjAl.Form2|Merren te gjitha produktet ne db dhe shfaqen ne gride
2018-12-17 13:40:59.5339|INFO|ProjAl.Form1|Useri po verifikohet
2018-12-17 13:41:00.8357|INFO|ProjAl.Form1|Useri u autentifikua me sukses
2018-12-17 13:41:02.3488|INFO|ProjAl.Form2|Merren te gjitha produktet ne db dhe shfaqen ne gride
2018-12-17 13:43:03.5412|INFO|ProjAl.Form1|Useri po verifikohet
2018-12-17 13:43:04.4052|INFO|ProjAl.Form1|Useri u autentifikua me sukses
2018-12-17 13:43:05.9795|INFO|ProjAl.Form2|Merren te gjitha produktet ne db dhe shfaqen ne gride
2018-12-17 14:06:21.6672|INFO|ProjAl.Form1|Useri u largua !
2018-12-17 14:06:37.6990|INFO|ProjAl.Form1|Useri po verifikohet
2018-12-17 14:06:39.0988|INFO|ProjAl.Form1|Useri u autentifikua me sukses
2018-12-17 14:06:40.7886|INFO|ProjAl.Form2|Merren te gjitha produktet ne db dhe shfaqen ne gride
2018-12-17 14:11:38.5961|INFO|ProjAl.Form1|Useri po verifikohet
2018-12-17 14:11:40.2311|INFO|ProjAl.Form1|Useri u autentifikua me sukses
2018-12-17 14:11:41.0342|INFO|ProjAl.Form2|Merren te gjitha produktet ne db dhe shfaqen ne gride
2018-12-17 14:13:35.0082|INFO|ProjAl.Form1|Useri po verifikohet
2018-12-17 14:13:36.1063|INFO|ProjAl.Form1|Useri u autentifikua me sukses
2018-12-17 14:13:37.6617|INFO|ProjAl.Form2|Merren te gjitha produktet ne db dhe shfaqen ne gride
2018-12-17 14:15:00.4797|INFO|ProjAl.Form1|Useri po verifikohet
2018-12-17 14:15:01.7630|INFO|ProjAl.Form1|Useri u autentifikua me sukses
2018-12-17 14:15:03.3241|INFO|ProjAl.Form2|Merren te gjitha produktet ne db dhe shfaqen ne gride
2018-12-17 14:43:39.0812|INFO|ProjAl.Form1|Useri po verifikohet
2018-12-17 14:43:40.2265|INFO|ProjAl.Form1|Useri u autentifikua me sukses
2018-12-17 14:43:41.3449|INFO|ProjAl.Form2|Merren te gjitha produktet ne db dhe shfaqen ne gride
