2018-12-18 11:49:01.8421|INFO|ProjAl.Form1|Useri u largua !
2018-12-18 12:34:28.0797|INFO|ProjAl.Form1|Useri po verifikohet
2018-12-18 12:34:29.0589|INFO|ProjAl.Form1|Useri u autentifikua me sukses
2018-12-18 12:34:30.1014|INFO|ProjAl.Form2|Merren te gjitha produktet ne db dhe shfaqen ne gride
2018-12-18 12:57:49.1367|INFO|ProjAl.Form1|Useri po verifikohet
2018-12-18 12:58:01.8420|INFO|ProjAl.Form1|Useri u autentifikua me sukses
2018-12-18 12:58:03.4077|INFO|ProjAl.Form2|Merren te gjitha produktet ne db dhe shfaqen ne gride
2018-12-18 13:11:41.5237|INFO|ProjAl.Form1|Useri po verifikohet
2018-12-18 13:11:42.8659|INFO|ProjAl.Form1|Useri u autentifikua me sukses
2018-12-18 13:11:44.2338|INFO|ProjAl.Form2|Merren te gjitha produktet ne db dhe shfaqen ne gride
2018-12-18 13:14:06.1536|INFO|ProjAl.Form1|Useri po verifikohet
2018-12-18 13:14:07.4071|INFO|ProjAl.Form1|Useri u autentifikua me sukses
2018-12-18 13:14:08.6004|INFO|ProjAl.Form2|Merren te gjitha produktet ne db dhe shfaqen ne gride
2018-12-18 13:16:14.5748|INFO|ProjAl.Form1|Useri po verifikohet
2018-12-18 13:16:15.6777|INFO|ProjAl.Form1|Useri u autentifikua me sukses
2018-12-18 13:16:17.0912|INFO|ProjAl.Form2|Merren te gjitha produktet ne db dhe shfaqen ne gride
2018-12-18 13:45:45.9864|INFO|ProjAl.Form1|Useri po verifikohet
2018-12-18 13:45:47.4435|INFO|ProjAl.Form1|Useri u autentifikua me sukses
2018-12-18 13:45:49.2486|INFO|ProjAl.Form2|Merren te gjitha produktet ne db dhe shfaqen ne gride
2018-12-18 13:56:27.4592|INFO|ProjAl.Form1|Useri po verifikohet
2018-12-18 13:56:28.5825|INFO|ProjAl.Form1|Useri u autentifikua me sukses
2018-12-18 13:56:30.3320|INFO|ProjAl.Form2|Merren te gjitha produktet ne db dhe shfaqen ne gride
2018-12-18 13:56:59.4030|INFO|ProjAl.Form1|Useri po verifikohet
2018-12-18 13:57:00.8835|INFO|ProjAl.Form1|Useri u autentifikua me sukses
2018-12-18 13:59:55.9886|INFO|ProjAl.Form1|Useri po verifikohet
2018-12-18 13:59:57.4985|INFO|ProjAl.Form1|Useri u autentifikua me sukses
2018-12-18 13:59:58.8743|INFO|ProjAl.Form2|Merren te gjitha produktet ne db dhe shfaqen ne gride
2018-12-18 14:00:06.2410|INFO|ProjAl.Form2|therritet Api
2018-12-18 14:00:06.4550|INFO|ProjAl.Form2|fshihen produktet e meparshme 
2018-12-18 14:00:14.8081|INFO|ProjAl.Form2|Insertohen ne db rekordet e reja
2018-12-18 14:00:18.2630|INFO|ProjAl.Form2|Merren rekordet e reja dhe i shfaqim ne gride
2018-12-18 14:00:23.6228|INFO|ProjAl.Form2|Therritet Api i cmimeve
2018-12-18 14:00:23.7747|INFO|ProjAl.Form2|Fshihen te gjitha cmimet e meparshme nga databaza
2018-12-18 14:01:36.2214|INFO|ProjAl.Form2|Shtohen cmimet e reja ne db
2018-12-18 14:01:36.3257|INFO|ProjAl.Form2|Merren cmimet e reja dhe vendosen shfaqen ne gride
2018-12-18 14:01:41.2406|INFO|ProjAl.Form2|therritet Api
2018-12-18 14:01:41.4006|INFO|ProjAl.Form2|fshihen produktet e meparshme 
2018-12-18 14:01:49.9951|INFO|ProjAl.Form2|Insertohen ne db rekordet e reja
2018-12-18 14:01:52.4554|INFO|ProjAl.Form2|Merren rekordet e reja dhe i shfaqim ne gride
2018-12-18 14:11:27.5232|INFO|ProjAl.Form1|Useri po verifikohet
2018-12-18 14:11:29.7383|INFO|ProjAl.Form1|Useri u autentifikua me sukses
2018-12-18 14:11:30.7743|INFO|ProjAl.Form2|Merren te gjitha produktet ne db dhe shfaqen ne gride
2018-12-18 14:12:32.5415|INFO|ProjAl.Form2|therritet Api
2018-12-18 14:12:32.6496|INFO|ProjAl.Form2|fshihen produktet e meparshme 
2018-12-18 14:12:41.6563|INFO|ProjAl.Form2|Insertohen ne db rekordet e reja
2018-12-18 14:13:05.6882|INFO|ProjAl.Form2|Merren rekordet e reja dhe i shfaqim ne gride
2018-12-18 14:22:00.5483|INFO|ProjAl.Form1|Useri po verifikohet
2018-12-18 14:22:01.8180|INFO|ProjAl.Form1|Useri u autentifikua me sukses
2018-12-18 14:22:02.7763|INFO|ProjAl.Form2|Merren te gjitha produktet ne db dhe shfaqen ne gride
2018-12-18 14:23:23.5606|INFO|ProjAl.Form1|Useri po verifikohet
2018-12-18 14:23:24.4312|INFO|ProjAl.Form1|Useri u autentifikua me sukses
2018-12-18 14:23:25.3003|INFO|ProjAl.Form2|Merren te gjitha produktet ne db dhe shfaqen ne gride
2018-12-18 14:24:03.2848|INFO|ProjAl.Form1|Useri po verifikohet
2018-12-18 14:24:06.9533|INFO|ProjAl.Form1|Useri u autentifikua me sukses
2018-12-18 14:24:07.9802|INFO|ProjAl.Form2|Merren te gjitha produktet ne db dhe shfaqen ne gride
2018-12-18 14:26:42.3604|INFO|ProjAl.Form1|Useri po verifikohet
2018-12-18 14:26:43.4255|INFO|ProjAl.Form1|Useri u autentifikua me sukses
2018-12-18 14:26:44.1808|INFO|ProjAl.Form2|Merren te gjitha produktet ne db dhe shfaqen ne gride
2018-12-18 14:28:19.8195|INFO|ProjAl.Form1|Useri po verifikohet
2018-12-18 14:28:23.0450|INFO|ProjAl.Form1|Useri u autentifikua me sukses
2018-12-18 14:28:27.7289|INFO|ProjAl.Form2|therritet Api
2018-12-18 14:28:27.9444|INFO|ProjAl.Form2|fshihen produktet e meparshme 
2018-12-18 14:28:35.6707|INFO|ProjAl.Form2|Insertohen ne db rekordet e reja
2018-12-18 14:28:42.4006|INFO|ProjAl.Form2|Merren rekordet e reja dhe i shfaqim ne gride
2018-12-18 14:29:57.7130|INFO|ProjAl.Form1|Useri po verifikohet
2018-12-18 14:29:59.7752|INFO|ProjAl.Form1|Useri u autentifikua me sukses
2018-12-18 14:30:03.5529|INFO|ProjAl.Form2|therritet Api
2018-12-18 14:30:03.7965|INFO|ProjAl.Form2|fshihen produktet e meparshme 
2018-12-18 14:30:13.2057|INFO|ProjAl.Form2|Insertohen ne db rekordet e reja
2018-12-18 14:30:15.6531|INFO|ProjAl.Form2|Merren rekordet e reja dhe i shfaqim ne gride
2018-12-18 14:32:20.6508|INFO|ProjAl.Form2|therritet Api i klienteve
2018-12-18 14:32:20.8696|INFO|ProjAl.Form2|Fshihen Klientet nga databaza
2018-12-18 14:32:51.1308|INFO|ProjAl.Form2|Shtohen klientet e marre ne db
2018-12-18 14:32:51.1690|INFO|ProjAl.Form2|Merren Klientet nga databaza dhe i shfaqim ne gride
2018-12-18 14:33:57.8747|INFO|ProjAl.Form2|therritet Api
2018-12-18 14:33:58.0246|INFO|ProjAl.Form2|fshihen produktet e meparshme 
2018-12-18 14:34:07.7813|INFO|ProjAl.Form2|Insertohen ne db rekordet e reja
2018-12-18 14:34:10.2257|INFO|ProjAl.Form2|Merren rekordet e reja dhe i shfaqim ne gride
2018-12-18 14:34:17.0442|INFO|ProjAl.Form2|therritet Api i klienteve
2018-12-18 14:34:17.1525|INFO|ProjAl.Form2|Fshihen Klientet nga databaza
2018-12-18 14:34:42.1366|INFO|ProjAl.Form2|Shtohen klientet e marre ne db
2018-12-18 14:34:42.2253|INFO|ProjAl.Form2|Merren Klientet nga databaza dhe i shfaqim ne gride
2018-12-18 14:36:30.8601|INFO|ProjAl.Form2|therritet Api i klienteve
2018-12-18 14:36:30.9883|INFO|ProjAl.Form2|Fshihen Klientet nga databaza
2018-12-18 14:37:01.9332|INFO|ProjAl.Form2|Shtohen klientet e marre ne db
2018-12-18 14:37:02.0325|INFO|ProjAl.Form2|Merren Klientet nga databaza dhe i shfaqim ne gride
2018-12-18 14:42:56.1369|INFO|ProjAl.Form1|Useri po verifikohet
2018-12-18 14:42:57.1859|INFO|ProjAl.Form1|Useri u autentifikua me sukses
2018-12-18 14:43:10.6841|INFO|ProjAl.Form2|therritet Api
2018-12-18 14:43:10.8835|INFO|ProjAl.Form2|fshihen produktet e meparshme 
2018-12-18 14:43:18.3175|INFO|ProjAl.Form2|Insertohen ne db rekordet e reja
2018-12-18 14:43:20.6741|INFO|ProjAl.Form2|Merren rekordet e reja dhe i shfaqim ne gride
2018-12-18 14:54:45.4793|INFO|ProjAl.Form2|Therritet Api i cmimeve
2018-12-18 14:54:46.1207|INFO|ProjAl.Form2|Fshihen te gjitha cmimet e meparshme nga databaza
2018-12-18 14:55:57.9650|INFO|ProjAl.Form2|Shtohen cmimet e reja ne db
2018-12-18 14:55:58.6831|INFO|ProjAl.Form2|Merren cmimet e reja dhe vendosen shfaqen ne gride
2018-12-18 14:57:19.9588|INFO|ProjAl.Form2|therritet Api
2018-12-18 14:57:20.0163|INFO|ProjAl.Form2|fshihen produktet e meparshme 
2018-12-18 14:57:28.2048|INFO|ProjAl.Form2|Insertohen ne db rekordet e reja
2018-12-18 14:57:30.6574|INFO|ProjAl.Form2|Merren rekordet e reja dhe i shfaqim ne gride
2018-12-18 15:01:48.4757|INFO|ProjAl.Form1|Useri po verifikohet
2018-12-18 15:01:50.0853|INFO|ProjAl.Form1|Useri u autentifikua me sukses
2018-12-18 15:04:06.5251|INFO|ProjAl.Form1|Useri u largua !
2018-12-18 15:04:32.7828|INFO|ProjAl.Form1|Useri po verifikohet
2018-12-18 15:04:34.2379|INFO|ProjAl.Form1|Useri u autentifikua me sukses
2018-12-18 15:07:03.1263|INFO|ProjAl.Form1|Useri po verifikohet
2018-12-18 15:07:03.9905|INFO|ProjAl.Form1|Useri u autentifikua me sukses
2018-12-18 15:08:20.8644|INFO|ProjAl.Form1|Useri po verifikohet
2018-12-18 15:08:21.6710|INFO|ProjAl.Form1|Useri u autentifikua me sukses
2018-12-18 15:08:31.4093|INFO|ProjAl.Form2|therritet Api
2018-12-18 15:08:31.5340|INFO|ProjAl.Form2|fshihen produktet e meparshme 
2018-12-18 15:08:40.5277|INFO|ProjAl.Form2|Insertohen ne db rekordet e reja
2018-12-18 15:08:43.9290|INFO|ProjAl.Form2|Merren rekordet e reja dhe i shfaqim ne gride
2018-12-18 15:10:32.3527|INFO|ProjAl.Form1|Useri po verifikohet
2018-12-18 15:10:33.2489|INFO|ProjAl.Form1|Useri u autentifikua me sukses
2018-12-18 15:10:38.5342|INFO|ProjAl.Form2|therritet Api
2018-12-18 15:10:38.6197|INFO|ProjAl.Form2|fshihen produktet e meparshme 
2018-12-18 15:10:48.3471|INFO|ProjAl.Form2|Insertohen ne db rekordet e reja
2018-12-18 15:10:51.9250|INFO|ProjAl.Form2|Merren rekordet e reja dhe i shfaqim ne gride
2018-12-18 15:16:24.7164|INFO|ProjAl.Form1|Plotesoni Fushat username dhe password
2018-12-18 15:16:31.7305|INFO|ProjAl.Form1|Useri po verifikohet
2018-12-18 15:16:33.3833|WARN|ProjAl.Form1|Username dhe Password jane vendosur gabim
2018-12-18 15:16:40.0759|INFO|ProjAl.Form1|Useri po verifikohet
2018-12-18 15:16:40.8931|INFO|ProjAl.Form1|Useri u autentifikua me sukses
2018-12-18 15:16:48.3772|INFO|ProjAl.Form2|therritet Api
2018-12-18 15:16:48.4579|INFO|ProjAl.Form2|fshihen produktet e meparshme 
2018-12-18 15:16:57.4527|INFO|ProjAl.Form2|Insertohen ne db rekordet e reja
2018-12-18 15:17:01.9729|INFO|ProjAl.Form2|Merren rekordet e reja dhe i shfaqim ne gride
2018-12-18 15:17:44.1751|INFO|ProjAl.Form2|Therritet Api i cmimeve
2018-12-18 15:17:44.3506|INFO|ProjAl.Form2|Fshihen te gjitha cmimet e meparshme nga databaza
2018-12-18 15:18:53.0429|INFO|ProjAl.Form2|Shtohen cmimet e reja ne db
2018-12-18 15:18:53.5953|INFO|ProjAl.Form2|Merren cmimet e reja dhe vendosen shfaqen ne gride
2018-12-18 15:22:35.7549|INFO|ProjAl.Form1|Useri po verifikohet
2018-12-18 15:22:36.5355|INFO|ProjAl.Form1|Useri u autentifikua me sukses
2018-12-18 15:26:16.6316|INFO|ProjAl.Form1|Useri po verifikohet
2018-12-18 15:26:17.9009|INFO|ProjAl.Form1|Useri u autentifikua me sukses
2018-12-18 15:27:48.4706|INFO|ProjAl.Form1|Useri po verifikohet
2018-12-18 15:27:49.5939|INFO|ProjAl.Form1|Useri u autentifikua me sukses
2018-12-18 15:28:44.1204|INFO|ProjAl.Form1|Useri po verifikohet
2018-12-18 15:28:45.0540|INFO|ProjAl.Form1|Useri u autentifikua me sukses
2018-12-18 15:32:48.5118|INFO|ProjAl.Form1|Useri po verifikohet
2018-12-18 15:32:49.6514|INFO|ProjAl.Form1|Useri u autentifikua me sukses
2018-12-18 15:33:46.4189|INFO|ProjAl.Form1|Useri po verifikohet
2018-12-18 15:33:47.6727|INFO|ProjAl.Form1|Useri u autentifikua me sukses
2018-12-18 15:51:32.2637|INFO|ProjAl.Form1|Useri po verifikohet
2018-12-18 15:51:33.8063|INFO|ProjAl.Form1|Useri u autentifikua me sukses
2018-12-18 15:51:54.8529|INFO|ProjAl.Form2|therritet Api
2018-12-18 15:51:55.0038|INFO|ProjAl.Form2|fshihen produktet e meparshme 
2018-12-18 15:52:03.8140|INFO|ProjAl.Form2|Insertohen ne db rekordet e reja
2018-12-18 15:52:07.9043|INFO|ProjAl.Form2|Merren rekordet e reja dhe i shfaqim ne gride
2018-12-18 15:52:13.6018|INFO|ProjAl.Form2|therritet Api
2018-12-18 15:52:13.6489|INFO|ProjAl.Form2|fshihen produktet e meparshme 
2018-12-18 15:52:22.4523|INFO|ProjAl.Form2|Insertohen ne db rekordet e reja
2018-12-18 15:52:24.9122|INFO|ProjAl.Form2|Merren rekordet e reja dhe i shfaqim ne gride
2018-12-18 16:13:59.2247|INFO|ProjAl.Form1|Useri po verifikohet
2018-12-18 16:14:00.3743|INFO|ProjAl.Form1|Useri u autentifikua me sukses
2018-12-18 16:14:05.8451|INFO|ProjAl.Form2|therritet Api
2018-12-18 16:14:06.1235|INFO|ProjAl.Form2|fshihen produktet e meparshme 
2018-12-18 16:14:14.0752|INFO|ProjAl.Form2|Insertohen ne db rekordet e reja
2018-12-18 16:14:16.3278|INFO|ProjAl.Form2|Merren rekordet e reja dhe i shfaqim ne gride
2018-12-18 16:34:17.0741|INFO|ProjAl.Form1|Useri po verifikohet
2018-12-18 16:34:18.4922|INFO|ProjAl.Form1|Useri u autentifikua me sukses
2018-12-18 16:34:44.4905|INFO|ProjAl.Form2|therritet Api
2018-12-18 16:34:44.6681|INFO|ProjAl.Form2|fshihen produktet e meparshme 
2018-12-18 16:34:53.6857|INFO|ProjAl.Form2|Insertohen ne db rekordet e reja
2018-12-18 16:34:58.3904|INFO|ProjAl.Form2|Merren rekordet e reja dhe i shfaqim ne gride
2018-12-18 16:35:55.6746|INFO|ProjAl.Form1|Useri po verifikohet
2018-12-18 16:35:56.5441|INFO|ProjAl.Form1|Useri u autentifikua me sukses
2018-12-18 16:36:00.6338|INFO|ProjAl.Form2|therritet Api
2018-12-18 16:36:00.8304|INFO|ProjAl.Form2|fshihen produktet e meparshme 
2018-12-18 16:36:10.4328|INFO|ProjAl.Form2|Insertohen ne db rekordet e reja
2018-12-18 16:36:13.5015|INFO|ProjAl.Form2|Merren rekordet e reja dhe i shfaqim ne gride
2018-12-18 16:37:47.0750|INFO|ProjAl.Form2|therritet Api
2018-12-18 16:37:47.2353|INFO|ProjAl.Form2|fshihen produktet e meparshme 
2018-12-18 16:37:55.4670|INFO|ProjAl.Form2|Insertohen ne db rekordet e reja
2018-12-18 16:37:57.6704|INFO|ProjAl.Form2|Merren rekordet e reja dhe i shfaqim ne gride
2018-12-18 16:39:44.3771|INFO|ProjAl.Form2|therritet Api
2018-12-18 16:39:44.4892|INFO|ProjAl.Form2|fshihen produktet e meparshme 
2018-12-18 16:39:53.0971|INFO|ProjAl.Form2|Insertohen ne db rekordet e reja
2018-12-18 16:39:54.5129|INFO|ProjAl.Form2|Merren rekordet e reja dhe i shfaqim ne gride
2018-12-18 16:39:59.3772|INFO|ProjAl.Form2|therritet Api
2018-12-18 16:39:59.4548|INFO|ProjAl.Form2|fshihen produktet e meparshme 
2018-12-18 16:40:09.5069|INFO|ProjAl.Form2|Insertohen ne db rekordet e reja
2018-12-18 16:40:18.9163|INFO|ProjAl.Form2|Merren rekordet e reja dhe i shfaqim ne gride
2018-12-18 16:41:16.3458|INFO|ProjAl.Form2|therritet Api
2018-12-18 16:41:16.4743|INFO|ProjAl.Form2|fshihen produktet e meparshme 
2018-12-18 16:41:25.6867|INFO|ProjAl.Form2|Insertohen ne db rekordet e reja
2018-12-18 16:41:27.3492|INFO|ProjAl.Form2|Merren rekordet e reja dhe i shfaqim ne gride
2018-12-18 16:41:34.2703|INFO|ProjAl.Form2|therritet Api
2018-12-18 16:41:34.4770|INFO|ProjAl.Form2|fshihen produktet e meparshme 
2018-12-18 16:41:44.1262|INFO|ProjAl.Form2|Insertohen ne db rekordet e reja
2018-12-18 16:41:45.5715|INFO|ProjAl.Form2|Merren rekordet e reja dhe i shfaqim ne gride
2018-12-18 16:42:22.9720|INFO|ProjAl.Form1|Useri po verifikohet
2018-12-18 16:42:24.4853|INFO|ProjAl.Form1|Useri u autentifikua me sukses
2018-12-18 16:43:21.9379|INFO|ProjAl.Form2|therritet Api
2018-12-18 16:43:36.0017|INFO|ProjAl.Form2|fshihen produktet e meparshme 
2018-12-18 16:50:12.1172|INFO|ProjAl.Form1|Useri u largua !
2018-12-18 16:50:27.2590|INFO|ProjAl.Form1|Useri po verifikohet
2018-12-18 16:50:28.9900|WARN|ProjAl.Form1|Username dhe Password jane vendosur gabim
2018-12-18 16:50:35.2115|INFO|ProjAl.Form1|Useri po verifikohet
2018-12-18 16:50:36.0448|INFO|ProjAl.Form1|Useri u autentifikua me sukses
2018-12-18 16:50:39.9392|INFO|ProjAl.Form2|therritet Api
2018-12-18 16:50:40.0448|INFO|ProjAl.Form2|fshihen produktet e meparshme 
2018-12-18 16:50:48.4747|INFO|ProjAl.Form2|Insertohen ne db rekordet e reja
2018-12-18 16:51:05.8670|INFO|ProjAl.Form2|Merren rekordet e reja dhe i shfaqim ne gride
2018-12-18 16:51:12.4142|INFO|ProjAl.Form2|therritet Api
2018-12-18 16:51:12.4473|INFO|ProjAl.Form2|fshihen produktet e meparshme 
2018-12-18 16:51:19.9595|INFO|ProjAl.Form2|Insertohen ne db rekordet e reja
2018-12-18 16:51:31.9135|INFO|ProjAl.Form2|Merren rekordet e reja dhe i shfaqim ne gride
2018-12-18 16:55:50.7471|INFO|ProjAl.Form1|Useri po verifikohet
2018-12-18 16:55:52.3913|INFO|ProjAl.Form1|Useri u autentifikua me sukses
2018-12-18 16:56:57.4885|INFO|ProjAl.Form2|therritet Api
2018-12-18 16:56:57.7183|INFO|ProjAl.Form2|fshihen produktet e meparshme 
2018-12-18 16:57:06.7152|INFO|ProjAl.Form2|Insertohen ne db rekordet e reja
2018-12-18 16:57:14.4859|INFO|ProjAl.Form2|Merren rekordet e reja dhe i shfaqim ne gride
2018-12-18 17:01:13.1284|INFO|ProjAl.Form1|Useri po verifikohet
2018-12-18 17:01:14.2094|INFO|ProjAl.Form1|Useri u autentifikua me sukses
2018-12-18 17:01:19.4566|INFO|ProjAl.Form2|therritet Api
2018-12-18 17:01:19.6724|INFO|ProjAl.Form2|fshihen produktet e meparshme 
2018-12-18 17:01:27.0744|INFO|ProjAl.Form2|Insertohen ne db rekordet e reja
2018-12-18 17:01:30.4899|INFO|ProjAl.Form2|Merren rekordet e reja dhe i shfaqim ne gride
2018-12-18 17:01:45.9399|INFO|ProjAl.Form2|therritet Api
2018-12-18 17:01:45.9766|INFO|ProjAl.Form2|fshihen produktet e meparshme 
2018-12-18 17:02:28.0225|INFO|ProjAl.Form1|Useri po verifikohet
2018-12-18 17:02:29.1701|INFO|ProjAl.Form1|Useri u autentifikua me sukses
2018-12-18 17:02:33.5113|INFO|ProjAl.Form2|therritet Api
2018-12-18 17:02:33.5976|INFO|ProjAl.Form2|fshihen produktet e meparshme 
2018-12-18 17:02:42.1365|INFO|ProjAl.Form2|Insertohen ne db rekordet e reja
2018-12-18 17:02:44.3462|INFO|ProjAl.Form2|Merren rekordet e reja dhe i shfaqim ne gride
2018-12-18 17:05:53.9760|INFO|ProjAl.Form1|Useri po verifikohet
2018-12-18 17:05:55.1242|INFO|ProjAl.Form1|Useri u autentifikua me sukses
2018-12-18 17:05:57.4681|INFO|ProjAl.Form2|Krijojme 1 thread te ri per te shfaqur loading
2018-12-18 17:05:59.0582|INFO|ProjAl.Form2|therritet Api
2018-12-18 17:05:59.2762|INFO|ProjAl.Form2|fshihen produktet e meparshme 
2018-12-18 17:06:07.8119|INFO|ProjAl.Form2|Insertohen ne db rekordet e reja
2018-12-18 17:06:12.3540|INFO|ProjAl.Form2|Merren rekordet e reja dhe i shfaqim ne gride
2018-12-18 17:08:51.8139|INFO|ProjAl.Form1|Useri po verifikohet
2018-12-18 17:08:53.0812|INFO|ProjAl.Form1|Useri u autentifikua me sukses
2018-12-18 17:08:55.1157|INFO|ProjAl.Form2|Krijojme 1 thread te ri per te shfaqur loading
2018-12-18 17:08:56.7240|INFO|ProjAl.Form2|therritet Api
2018-12-18 17:08:56.9322|INFO|ProjAl.Form2|fshihen produktet e meparshme 
2018-12-18 17:09:04.1081|INFO|ProjAl.Form2|Abort threadi
2018-12-18 17:09:04.1081|INFO|ProjAl.Form2|Insertohen ne db rekordet e reja
2018-12-18 17:09:10.8601|INFO|ProjAl.Form2|Merren rekordet e reja dhe i shfaqim ne gride
2018-12-18 17:09:20.9268|INFO|ProjAl.Form2|Krijojme 1 thread te ri per te shfaqur loading
2018-12-18 17:09:21.1061|INFO|ProjAl.Form2|therritet Api i klienteve
2018-12-18 17:09:21.2892|INFO|ProjAl.Form2|Fshihen Klientet nga databaza
2018-12-18 17:09:44.1920|INFO|ProjAl.Form2|Abort threadi
2018-12-18 17:09:48.6984|INFO|ProjAl.Form2|Shtohen klientet e marre ne db
2018-12-18 17:09:48.8857|INFO|ProjAl.Form2|Merren Klientet nga databaza dhe i shfaqim ne gride
2018-12-18 17:11:00.5551|INFO|ProjAl.Form1|Useri po verifikohet
2018-12-18 17:11:01.4902|INFO|ProjAl.Form1|Useri u autentifikua me sukses
2018-12-18 17:11:03.2725|INFO|ProjAl.Form2|Krijojme 1 thread te ri per te shfaqur loading
2018-12-18 17:11:04.8768|INFO|ProjAl.Form2|therritet Api
2018-12-18 17:11:04.9796|INFO|ProjAl.Form2|fshihen produktet e meparshme 
2018-12-18 17:11:13.0850|INFO|ProjAl.Form2|Abort threadi
2018-12-18 17:11:13.0850|INFO|ProjAl.Form2|Insertohen ne db rekordet e reja
2018-12-18 17:11:15.6219|INFO|ProjAl.Form2|Merren rekordet e reja dhe i shfaqim ne gride
2018-12-18 17:12:42.0958|INFO|ProjAl.Form1|Useri po verifikohet
2018-12-18 17:12:43.4603|INFO|ProjAl.Form1|Useri u autentifikua me sukses
2018-12-18 17:12:48.4669|INFO|ProjAl.Form2|Krijojme 1 thread te ri per te shfaqur loading
2018-12-18 17:12:48.6288|INFO|ProjAl.Form2|therritet Api i klienteve
2018-12-18 17:12:48.8447|INFO|ProjAl.Form2|Fshihen Klientet nga databaza
2018-12-18 17:13:10.9064|INFO|ProjAl.Form2|Abort threadi
2018-12-18 17:13:14.2382|INFO|ProjAl.Form2|Shtohen klientet e marre ne db
2018-12-18 17:13:15.2189|INFO|ProjAl.Form2|Merren Klientet nga databaza dhe i shfaqim ne gride
2018-12-18 17:13:54.7805|INFO|ProjAl.Form1|Useri po verifikohet
2018-12-18 17:13:56.8429|INFO|ProjAl.Form1|Useri u autentifikua me sukses
2018-12-18 17:18:25.2181|INFO|ProjAl.Form2|Krijojme 1 thread te ri per te shfaqur loading
2018-12-18 17:18:27.6666|INFO|ProjAl.Form2|Therritet Api i cmimeve
2018-12-18 17:18:27.8403|INFO|ProjAl.Form2|Fshihen te gjitha cmimet e meparshme nga databaza
2018-12-18 17:19:35.5261|INFO|ProjAl.Form2|Abort threadi
2018-12-18 17:19:39.9421|INFO|ProjAl.Form2|Shtohen cmimet e reja ne db
2018-12-18 17:19:40.7654|INFO|ProjAl.Form2|Merren cmimet e reja dhe vendosen shfaqen ne gride
